2025-07-04 23:49:19,686 [INFO] 未指定 --date，使用最近日期 2025-07-04
2025-07-04 23:49:19,695 [ERROR] 跳过配置 {'class': 'BBIKDJSelector', 'alias': '少妇战法', 'activate': True, 'params': {'j_threshold': 1, 'bbi_min_window': 20, 'max_window': 60, 'price_range_pct': 0.5, 'bbi_q_threshold': 0.1, 'j_q_threshold': 0.1}}：无法加载 Selector.BBIKDJSelector: No module named 'scipy'
2025-07-04 23:49:19,696 [ERROR] 跳过配置 {'class': 'BBIShortLongSelector', 'alias': '补票战法', 'activate': True, 'params': {'n_short': 3, 'n_long': 21, 'm': 3, 'bbi_min_window': 2, 'max_window': 60, 'bbi_q_threshold': 0.2}}：无法加载 Selector.BBIShortLongSelector: No module named 'scipy'
2025-07-04 23:49:19,700 [ERROR] 跳过配置 {'class': 'BreakoutVolumeKDJSelector', 'alias': 'TePu战法', 'activate': True, 'params': {'j_threshold': 1, 'j_q_threshold': 0.1, 'up_threshold': 3.0, 'volume_threshold': 0.6667, 'offset': 15, 'max_window': 60, 'price_range_pct': 0.5}}：无法加载 Selector.BreakoutVolumeKDJSelector: No module named 'scipy'
2025-07-04 23:49:19,702 [ERROR] 跳过配置 {'class': 'PeakKDJSelector', 'alias': '填坑战法', 'activate': True, 'params': {'j_threshold': 10, 'max_window': 100, 'fluc_threshold': 0.03, 'j_q_threshold': 0.1, 'gap_threshold': 0.2}}：无法加载 Selector.PeakKDJSelector: No module named 'scipy'
2025-07-04 23:52:56,623 [INFO] 未指定 --date，使用最近日期 2025-07-04
2025-07-04 23:52:56,626 [ERROR] 跳过配置 {'class': 'BBIKDJSelector', 'alias': '少妇战法', 'activate': True, 'params': {'j_threshold': 1, 'bbi_min_window': 20, 'max_window': 60, 'price_range_pct': 0.5, 'bbi_q_threshold': 0.1, 'j_q_threshold': 0.1}}：无法加载 Selector.BBIKDJSelector: No module named 'scipy'
2025-07-04 23:52:56,628 [ERROR] 跳过配置 {'class': 'BBIShortLongSelector', 'alias': '补票战法', 'activate': True, 'params': {'n_short': 3, 'n_long': 21, 'm': 3, 'bbi_min_window': 2, 'max_window': 60, 'bbi_q_threshold': 0.2}}：无法加载 Selector.BBIShortLongSelector: No module named 'scipy'
2025-07-04 23:52:56,630 [ERROR] 跳过配置 {'class': 'BreakoutVolumeKDJSelector', 'alias': 'TePu战法', 'activate': True, 'params': {'j_threshold': 1, 'j_q_threshold': 0.1, 'up_threshold': 3.0, 'volume_threshold': 0.6667, 'offset': 15, 'max_window': 60, 'price_range_pct': 0.5}}：无法加载 Selector.BreakoutVolumeKDJSelector: No module named 'scipy'
2025-07-04 23:52:56,632 [ERROR] 跳过配置 {'class': 'PeakKDJSelector', 'alias': '填坑战法', 'activate': True, 'params': {'j_threshold': 10, 'max_window': 100, 'fluc_threshold': 0.03, 'j_q_threshold': 0.1, 'gap_threshold': 0.2}}：无法加载 Selector.PeakKDJSelector: No module named 'scipy'
2025-07-04 23:53:14,104 [INFO] 未指定 --date，使用最近日期 2025-07-04
2025-07-04 23:53:14,107 [ERROR] 跳过配置 {'class': 'BBIKDJSelector', 'alias': '少妇战法', 'activate': True, 'params': {'j_threshold': 1, 'bbi_min_window': 20, 'max_window': 60, 'price_range_pct': 0.5, 'bbi_q_threshold': 0.1, 'j_q_threshold': 0.1}}：无法加载 Selector.BBIKDJSelector: No module named 'scipy'
2025-07-04 23:53:14,109 [ERROR] 跳过配置 {'class': 'BBIShortLongSelector', 'alias': '补票战法', 'activate': True, 'params': {'n_short': 3, 'n_long': 21, 'm': 3, 'bbi_min_window': 2, 'max_window': 60, 'bbi_q_threshold': 0.2}}：无法加载 Selector.BBIShortLongSelector: No module named 'scipy'
2025-07-04 23:53:14,111 [ERROR] 跳过配置 {'class': 'BreakoutVolumeKDJSelector', 'alias': 'TePu战法', 'activate': True, 'params': {'j_threshold': 1, 'j_q_threshold': 0.1, 'up_threshold': 3.0, 'volume_threshold': 0.6667, 'offset': 15, 'max_window': 60, 'price_range_pct': 0.5}}：无法加载 Selector.BreakoutVolumeKDJSelector: No module named 'scipy'
2025-07-04 23:53:14,114 [ERROR] 跳过配置 {'class': 'PeakKDJSelector', 'alias': '填坑战法', 'activate': True, 'params': {'j_threshold': 10, 'max_window': 100, 'fluc_threshold': 0.03, 'j_q_threshold': 0.1, 'gap_threshold': 0.2}}：无法加载 Selector.PeakKDJSelector: No module named 'scipy'
2025-07-04 23:54:30,216 [INFO] 未指定 --date，使用最近日期 2025-07-04
2025-07-04 23:54:30,219 [ERROR] 跳过配置 {'class': 'BBIKDJSelector', 'alias': '少妇战法', 'activate': True, 'params': {'j_threshold': 1, 'bbi_min_window': 20, 'max_window': 60, 'price_range_pct': 0.5, 'bbi_q_threshold': 0.1, 'j_q_threshold': 0.1}}：无法加载 Selector.BBIKDJSelector: No module named 'scipy'
2025-07-04 23:54:30,220 [ERROR] 跳过配置 {'class': 'BBIShortLongSelector', 'alias': '补票战法', 'activate': True, 'params': {'n_short': 3, 'n_long': 21, 'm': 3, 'bbi_min_window': 2, 'max_window': 60, 'bbi_q_threshold': 0.2}}：无法加载 Selector.BBIShortLongSelector: No module named 'scipy'
2025-07-04 23:54:30,222 [ERROR] 跳过配置 {'class': 'BreakoutVolumeKDJSelector', 'alias': 'TePu战法', 'activate': True, 'params': {'j_threshold': 1, 'j_q_threshold': 0.1, 'up_threshold': 3.0, 'volume_threshold': 0.6667, 'offset': 15, 'max_window': 60, 'price_range_pct': 0.5}}：无法加载 Selector.BreakoutVolumeKDJSelector: No module named 'scipy'
2025-07-04 23:54:30,225 [ERROR] 跳过配置 {'class': 'PeakKDJSelector', 'alias': '填坑战法', 'activate': True, 'params': {'j_threshold': 10, 'max_window': 100, 'fluc_threshold': 0.03, 'j_q_threshold': 0.1, 'gap_threshold': 0.2}}：无法加载 Selector.PeakKDJSelector: No module named 'scipy'
2025-07-04 23:55:17,953 [INFO] 未指定 --date，使用最近日期 2025-07-04
2025-07-04 23:55:40,105 [INFO] 
2025-07-04 23:55:40,106 [INFO] ============== 选股结果 [少妇战法] ==============
2025-07-04 23:55:40,106 [INFO] 交易日: 2025-07-04
2025-07-04 23:55:40,106 [INFO] 符合条件股票数: 7
2025-07-04 23:55:40,106 [INFO] 002057, 002202, 300080, 300569, 600039, 688006, 688779
2025-07-04 23:56:00,436 [INFO] 
2025-07-04 23:56:00,437 [INFO] ============== 选股结果 [补票战法] ==============
2025-07-04 23:56:00,437 [INFO] 交易日: 2025-07-04
2025-07-04 23:56:00,437 [INFO] 符合条件股票数: 0
2025-07-04 23:56:00,437 [INFO] 无符合条件股票
2025-07-04 23:56:08,546 [INFO] 
2025-07-04 23:56:08,546 [INFO] ============== 选股结果 [TePu战法] ==============
2025-07-04 23:56:08,546 [INFO] 交易日: 2025-07-04
2025-07-04 23:56:08,546 [INFO] 符合条件股票数: 0
2025-07-04 23:56:08,546 [INFO] 无符合条件股票
2025-07-04 23:56:18,592 [INFO] 
2025-07-04 23:56:18,592 [INFO] ============== 选股结果 [填坑战法] ==============
2025-07-04 23:56:18,592 [INFO] 交易日: 2025-07-04
2025-07-04 23:56:18,592 [INFO] 符合条件股票数: 7
2025-07-04 23:56:18,593 [INFO] 300457, 300465, 600367, 600604, 603063, 603083, 603997
2025-07-05 03:44:57,878 [INFO] 未指定 --date，使用最近日期 2025-07-04
2025-07-05 03:45:19,330 [INFO] 
2025-07-05 03:45:19,330 [INFO] ============== 选股结果 [少妇战法] ==============
2025-07-05 03:45:19,331 [INFO] 交易日: 2025-07-04
2025-07-05 03:45:19,331 [INFO] 符合条件股票数: 8
2025-07-05 03:45:19,331 [INFO] 002057, 002202, 300080, 300569, 301155, 600039, 688006, 688779
2025-07-05 03:45:39,002 [INFO] 
2025-07-05 03:45:39,002 [INFO] ============== 选股结果 [补票战法] ==============
2025-07-05 03:45:39,002 [INFO] 交易日: 2025-07-04
2025-07-05 03:45:39,002 [INFO] 符合条件股票数: 0
2025-07-05 03:45:39,003 [INFO] 无符合条件股票
2025-07-05 03:45:46,907 [INFO] 
2025-07-05 03:45:46,908 [INFO] ============== 选股结果 [TePu战法] ==============
2025-07-05 03:45:46,908 [INFO] 交易日: 2025-07-04
2025-07-05 03:45:46,908 [INFO] 符合条件股票数: 0
2025-07-05 03:45:46,908 [INFO] 无符合条件股票
2025-07-05 03:45:56,947 [INFO] 
2025-07-05 03:45:56,947 [INFO] ============== 选股结果 [填坑战法] ==============
2025-07-05 03:45:56,947 [INFO] 交易日: 2025-07-04
2025-07-05 03:45:56,948 [INFO] 符合条件股票数: 7
2025-07-05 03:45:56,948 [INFO] 300457, 300465, 600367, 600604, 603063, 603083, 603997
2025-07-08 01:04:33,418 [INFO] 未指定 --date，使用最近日期 2025-07-07
2025-07-08 01:04:54,633 [INFO] 
2025-07-08 01:04:54,634 [INFO] ============== 选股结果 [少妇战法] ==============
2025-07-08 01:04:54,634 [INFO] 交易日: 2025-07-07
2025-07-08 01:04:54,634 [INFO] 符合条件股票数: 12
2025-07-08 01:04:54,635 [INFO] 002057, 002119, 002202, 002241, 002506, 300303, 300409, 300951, 301155, 600039, 688006, 688779
2025-07-08 01:05:14,146 [INFO] 
2025-07-08 01:05:14,146 [INFO] ============== 选股结果 [补票战法] ==============
2025-07-08 01:05:14,147 [INFO] 交易日: 2025-07-07
2025-07-08 01:05:14,147 [INFO] 符合条件股票数: 6
2025-07-08 01:05:14,147 [INFO] 000796, 002539, 300048, 601058, 603070, 688334
2025-07-08 01:05:22,618 [INFO] 
2025-07-08 01:05:22,619 [INFO] ============== 选股结果 [TePu战法] ==============
2025-07-08 01:05:22,619 [INFO] 交易日: 2025-07-07
2025-07-08 01:05:22,619 [INFO] 符合条件股票数: 4
2025-07-08 01:05:22,619 [INFO] 300618, 301303, 600529, 688371
2025-07-08 01:05:33,116 [INFO] 
2025-07-08 01:05:33,116 [INFO] ============== 选股结果 [填坑战法] ==============
2025-07-08 01:05:33,117 [INFO] 交易日: 2025-07-07
2025-07-08 01:05:33,117 [INFO] 符合条件股票数: 15
2025-07-08 01:05:33,117 [INFO] 300291, 300409, 300450, 300457, 300772, 300841, 301566, 301617, 600367, 600478, 600604, 601869, 603063, 603203, 603997
2025-07-08 22:53:36,656 [INFO] 未指定 --date，使用最近日期 2025-07-08
2025-07-08 22:54:01,545 [INFO] 
2025-07-08 22:54:01,546 [INFO] ============== 选股结果 [少妇战法] ==============
2025-07-08 22:54:01,546 [INFO] 交易日: 2025-07-08
2025-07-08 22:54:01,546 [INFO] 符合条件股票数: 7
2025-07-08 22:54:01,547 [INFO] 000408, 002057, 002202, 300569, 600039, 688006, 688779
2025-07-08 22:54:24,566 [INFO] 
2025-07-08 22:54:24,567 [INFO] ============== 选股结果 [补票战法] ==============
2025-07-08 22:54:24,567 [INFO] 交易日: 2025-07-08
2025-07-08 22:54:24,567 [INFO] 符合条件股票数: 0
2025-07-08 22:54:24,567 [INFO] 无符合条件股票
2025-07-08 22:54:34,004 [INFO] 
2025-07-08 22:54:34,005 [INFO] ============== 选股结果 [TePu战法] ==============
2025-07-08 22:54:34,005 [INFO] 交易日: 2025-07-08
2025-07-08 22:54:34,005 [INFO] 符合条件股票数: 2
2025-07-08 22:54:34,005 [INFO] 301303, 688371
2025-07-08 22:54:46,066 [INFO] 
2025-07-08 22:54:46,067 [INFO] ============== 选股结果 [填坑战法] ==============
2025-07-08 22:54:46,067 [INFO] 交易日: 2025-07-08
2025-07-08 22:54:46,067 [INFO] 符合条件股票数: 12
2025-07-08 22:54:46,067 [INFO] 000988, 300409, 300457, 300660, 301617, 600184, 600367, 600478, 600604, 603997, 688535, 688691
2025-07-09 01:25:38,672 [INFO] 未指定 --date，使用最近日期 2025-07-08
2025-07-09 01:25:58,984 [INFO] 
2025-07-09 01:25:58,984 [INFO] ============== 选股结果 [少妇战法] ==============
2025-07-09 01:25:58,984 [INFO] 交易日: 2025-07-08
2025-07-09 01:25:58,984 [INFO] 符合条件股票数: 7
2025-07-09 01:25:58,985 [INFO] 000408, 002057, 002202, 300569, 600039, 688006, 688779
2025-07-09 01:26:18,015 [INFO] 
2025-07-09 01:26:18,015 [INFO] ============== 选股结果 [补票战法] ==============
2025-07-09 01:26:18,015 [INFO] 交易日: 2025-07-08
2025-07-09 01:26:18,015 [INFO] 符合条件股票数: 0
2025-07-09 01:26:18,015 [INFO] 无符合条件股票
2025-07-09 01:26:26,056 [INFO] 
2025-07-09 01:26:26,056 [INFO] ============== 选股结果 [TePu战法] ==============
2025-07-09 01:26:26,057 [INFO] 交易日: 2025-07-08
2025-07-09 01:26:26,057 [INFO] 符合条件股票数: 2
2025-07-09 01:26:26,057 [INFO] 301303, 688371
2025-07-09 01:26:36,033 [INFO] 
2025-07-09 01:26:36,033 [INFO] ============== 选股结果 [填坑战法] ==============
2025-07-09 01:26:36,033 [INFO] 交易日: 2025-07-08
2025-07-09 01:26:36,034 [INFO] 符合条件股票数: 12
2025-07-09 01:26:36,034 [INFO] 000988, 300409, 300457, 300660, 301617, 600184, 600367, 600478, 600604, 603997, 688535, 688691
2025-07-16 01:27:09,798 [INFO] 未指定 --date，使用最近日期 2025-07-15
2025-07-16 01:27:28,786 [INFO] 
2025-07-16 01:27:28,786 [INFO] ============== 选股结果 [少妇战法] ==============
2025-07-16 01:27:28,786 [INFO] 交易日: 2025-07-15
2025-07-16 01:27:28,786 [INFO] 符合条件股票数: 20
2025-07-16 01:27:28,786 [INFO] 000823, 000923, 002555, 002701, 002807, 002839, 002958, 300057, 600000, 600058, 600416, 600879, 600919, 600928, 601128, 601577, 601838, 601916, 601939, 603615
2025-07-16 01:27:44,530 [INFO] 
2025-07-16 01:27:44,530 [INFO] ============== 选股结果 [补票战法] ==============
2025-07-16 01:27:44,530 [INFO] 交易日: 2025-07-15
2025-07-16 01:27:44,530 [INFO] 符合条件股票数: 1
2025-07-16 01:27:44,530 [INFO] 688091
2025-07-16 01:27:51,659 [INFO] 
2025-07-16 01:27:51,659 [INFO] ============== 选股结果 [TePu战法] ==============
2025-07-16 01:27:51,659 [INFO] 交易日: 2025-07-15
2025-07-16 01:27:51,660 [INFO] 符合条件股票数: 2
2025-07-16 01:27:51,660 [INFO] 601698, 603131
2025-07-16 01:28:00,413 [INFO] 
2025-07-16 01:28:00,414 [INFO] ============== 选股结果 [填坑战法] ==============
2025-07-16 01:28:00,414 [INFO] 交易日: 2025-07-15
2025-07-16 01:28:00,414 [INFO] 符合条件股票数: 10
2025-07-16 01:28:00,414 [INFO] 000065, 002169, 002202, 002549, 300293, 300409, 300568, 600192, 600879, 688660
2025-07-16 02:23:21,807 [INFO] 未指定 --date，使用最近日期 2025-07-15
2025-07-16 02:23:41,835 [INFO] 
2025-07-16 02:23:41,835 [INFO] ============== 选股结果 [少妇战法] ==============
2025-07-16 02:23:41,835 [INFO] 交易日: 2025-07-15
2025-07-16 02:23:41,835 [INFO] 符合条件股票数: 13
2025-07-16 02:23:41,836 [INFO] 000823, 000923, 002555, 002958, 600000, 600058, 600416, 600879, 600919, 600928, 601838, 601939, 603615
2025-07-16 02:23:57,757 [INFO] 
2025-07-16 02:23:57,757 [INFO] ============== 选股结果 [补票战法] ==============
2025-07-16 02:23:57,757 [INFO] 交易日: 2025-07-15
2025-07-16 02:23:57,757 [INFO] 符合条件股票数: 1
2025-07-16 02:23:57,757 [INFO] 688091
2025-07-16 02:24:04,986 [INFO] 
2025-07-16 02:24:04,986 [INFO] ============== 选股结果 [TePu战法] ==============
2025-07-16 02:24:04,986 [INFO] 交易日: 2025-07-15
2025-07-16 02:24:04,986 [INFO] 符合条件股票数: 2
2025-07-16 02:24:04,987 [INFO] 601698, 603131
2025-07-16 02:24:14,941 [INFO] 
2025-07-16 02:24:14,942 [INFO] ============== 选股结果 [填坑战法] ==============
2025-07-16 02:24:14,942 [INFO] 交易日: 2025-07-15
2025-07-16 02:24:14,942 [INFO] 符合条件股票数: 10
2025-07-16 02:24:14,942 [INFO] 000065, 002202, 002549, 002555, 300293, 300409, 300568, 600879, 603993, 688660
2025-07-16 03:41:00,257 [INFO] 未指定 --date，使用最近日期 2025-07-15
2025-07-16 03:41:20,328 [INFO] 
2025-07-16 03:41:20,329 [INFO] ============== 选股结果 [少妇战法] ==============
2025-07-16 03:41:20,329 [INFO] 交易日: 2025-07-15
2025-07-16 03:41:20,329 [INFO] 符合条件股票数: 13
2025-07-16 03:41:20,329 [INFO] 000823, 000923, 002555, 002958, 600000, 600058, 600416, 600879, 600919, 600928, 601838, 601939, 603615
2025-07-16 03:41:37,838 [INFO] 
2025-07-16 03:41:37,838 [INFO] ============== 选股结果 [补票战法] ==============
2025-07-16 03:41:37,838 [INFO] 交易日: 2025-07-15
2025-07-16 03:41:37,838 [INFO] 符合条件股票数: 1
2025-07-16 03:41:37,838 [INFO] 688091
2025-07-16 03:41:45,678 [INFO] 
2025-07-16 03:41:45,679 [INFO] ============== 选股结果 [TePu战法] ==============
2025-07-16 03:41:45,679 [INFO] 交易日: 2025-07-15
2025-07-16 03:41:45,679 [INFO] 符合条件股票数: 2
2025-07-16 03:41:45,679 [INFO] 601698, 603131
2025-07-16 03:41:55,260 [INFO] 
2025-07-16 03:41:55,260 [INFO] ============== 选股结果 [填坑战法] ==============
2025-07-16 03:41:55,260 [INFO] 交易日: 2025-07-15
2025-07-16 03:41:55,260 [INFO] 符合条件股票数: 10
2025-07-16 03:41:55,261 [INFO] 000065, 002202, 002549, 002555, 300293, 300409, 300568, 600879, 603993, 688660
2025-08-04 02:37:18,075 [INFO] 未指定 --date，使用最近日期 2025-08-01
2025-08-04 02:37:37,666 [INFO] 
2025-08-04 02:37:37,667 [INFO] ============== 选股结果 [少妇战法] ==============
2025-08-04 02:37:37,667 [INFO] 交易日: 2025-08-01
2025-08-04 02:37:37,668 [INFO] 符合条件股票数: 487
2025-08-04 02:37:37,668 [INFO] 000012, 000019, 000026, 000027, 000031, 000036, 000042, 000058, 000060, 000090, 000157, 000400, 000401, 000402, 000415, 000420, 000425, 000498, 000501, 000517, 000521, 000528, 000532, 000552, 000563, 000566, 000567, 000568, 000589, 000596, 000612, 000629, 000631, 000651, 000652, 000672, 000680, 000682, 000688, 000690, 000697, 000708, 000709, 000723, 000726, 000735, 000750, 000751, 000753, 000758, 000761, 000762, 000768, 000777, 000778, 000792, 000795, 000799, 000800, 000825, 000837, 000852, 000868, 000876, 000877, 000878, 000883, 000885, 000886, 000895, 000898, 000900, 000902, 000922, 000923, 000925, 000927, 000930, 000935, 000951, 000959, 000962, 000965, 000969, 001203, 001208, 001213, 001287, 001376, 001872, 001979, 002006, 002009, 002010, 002035, 002037, 002056, 002057, 002060, 002067, 002085, 002096, 002100, 002101, 002111, 002125, 002129, 002132, 002137, 002145, 002153, 002154, 002157, 002163, 002167, 002185, 002191, 002192, 002204, 002229, 002239, 002241, 002243, 002246, 002249, 002252, 002262, 002266, 002283, 002284, 002292, 002302, 002324, 002340, 002342, 002344, 002367, 002385, 002389, 002393, 002399, 002421, 002429, 002444, 002454, 002459, 002460, 002475, 002497, 002498, 002500, 002506, 002511, 002526, 002540, 002545, 002553, 002562, 002612, 002640, 002641, 002662, 002676, 002698, 002709, 002714, 002716, 002761, 002783, 002797, 002831, 002840, 002865, 002896, 002917, 002928, 002939, 002941, 002945, 002961, 002984, 002988, 002990, 002996, 003012, 003013, 003021, 003037, 300019, 300035, 300036, 300055, 300057, 300066, 300070, 300072, 300073, 300080, 300083, 300088, 300119, 300124, 300127, 300140, 300159, 300201, 300222, 300226, 300232, 300278, 300284, 300296, 300320, 300343, 300355, 300376, 300382, 300390, 300401, 300428, 300433, 300470, 300487, 300488, 300523, 300718, 300750, 300769, 300797, 300802, 300911, 300919, 300979, 300999, 301035, 301039, 301090, 301116, 301196, 301215, 301286, 301303, 301327, 301358, 301368, 301381, 301488, 301510, 600004, 600006, 600009, 600017, 600048, 600050, 600057, 600058, 600061, 600071, 600075, 600084, 600094, 600095, 600103, 600108, 600109, 600121, 600138, 600141, 600150, 600151, 600155, 600157, 600162, 600166, 600170, 600176, 600177, 600182, 600195, 600206, 600212, 600231, 600248, 600251, 600268, 600282, 600301, 600313, 600320, 600328, 600335, 600338, 600339, 600361, 600362, 600369, 600376, 600389, 600390, 600395, 600399, 600425, 600428, 600429, 600449, 600456, 600459, 600477, 600482, 600495, 600496, 600497, 600508, 600516, 600517, 600521, 600528, 600549, 600562, 600563, 600569, 600586, 600597, 600618, 600623, 600626, 600635, 600639, 600645, 600649, 600685, 600702, 600720, 600737, 600739, 600740, 600742, 600755, 600760, 600761, 600773, 600796, 600801, 600812, 600817, 600820, 600848, 600859, 600862, 600875, 600909, 600917, 600918, 600929, 600935, 600955, 600961, 600970, 600971, 600973, 600975, 600987, 600997, 601001, 601005, 601011, 601015, 601016, 601018, 601020, 601038, 601059, 601061, 601065, 601068, 601083, 601096, 601099, 601106, 601108, 601116, 601118, 601121, 601126, 601136, 601139, 601158, 601179, 601186, 601200, 601222, 601226, 601228, 601238, 601333, 601375, 601388, 601390, 601399, 601456, 601600, 601608, 601609, 601611, 601618, 601636, 601677, 601678, 601700, 601766, 601778, 601827, 601828, 601868, 601880, 601881, 601882, 601888, 601901, 601966, 601968, 601969, 601989, 601990, 601992, 603013, 603018, 603035, 603050, 603069, 603078, 603082, 603099, 603132, 603153, 603210, 603213, 603219, 603275, 603279, 603298, 603300, 603305, 603308, 603317, 603338, 603348, 603363, 603511, 603535, 603556, 603565, 603611, 603638, 603659, 603690, 603866, 603919, 603969, 603979, 605118, 605368, 605377, 688002, 688005, 688009, 688065, 688117, 688126, 688146, 688248, 688298, 688306, 688320, 688334, 688352, 688356, 688360, 688408, 688425, 688428, 688612, 688626, 688698, 688728, 688750, 688981
2025-08-04 02:40:37,955 [INFO] 
2025-08-04 02:40:37,955 [INFO] ============== 选股结果 [SuperB1战法] ==============
2025-08-04 02:40:37,955 [INFO] 交易日: 2025-08-01
2025-08-04 02:40:37,956 [INFO] 符合条件股票数: 3
2025-08-04 02:40:37,956 [INFO] 300660, 600589, 603416
2025-08-04 02:40:53,780 [INFO] 
2025-08-04 02:40:53,780 [INFO] ============== 选股结果 [补票战法] ==============
2025-08-04 02:40:53,780 [INFO] 交易日: 2025-08-01
2025-08-04 02:40:53,781 [INFO] 符合条件股票数: 1
2025-08-04 02:40:53,781 [INFO] 688787
2025-08-04 02:41:02,347 [INFO] 
2025-08-04 02:41:02,347 [INFO] ============== 选股结果 [TePu战法] ==============
2025-08-04 02:41:02,348 [INFO] 交易日: 2025-08-01
2025-08-04 02:41:02,348 [INFO] 符合条件股票数: 24
2025-08-04 02:41:02,348 [INFO] 000155, 000401, 002056, 300036, 300222, 300488, 300722, 301039, 600157, 600348, 600376, 600390, 600425, 600563, 600737, 600859, 600971, 601100, 601179, 601766, 601868, 603556, 688425, 688612
2025-08-04 02:41:11,956 [INFO] 
2025-08-04 02:41:11,956 [INFO] ============== 选股结果 [填坑战法] ==============
2025-08-04 02:41:11,957 [INFO] 交易日: 2025-08-01
2025-08-04 02:41:11,957 [INFO] 符合条件股票数: 38
2025-08-04 02:41:11,957 [INFO] 000030, 000420, 000528, 000688, 000762, 000969, 002056, 002163, 002460, 002553, 002756, 002761, 002908, 300034, 300159, 300226, 300348, 300401, 300411, 300470, 300487, 300568, 300737, 301196, 600058, 600773, 600817, 600862, 600879, 600927, 601311, 603013, 603166, 603338, 603511, 603977, 605598, 688612
2025-08-04 02:58:37,660 [INFO] 未指定 --date，使用最近日期 2025-08-01
2025-08-04 02:58:57,046 [INFO] 
2025-08-04 02:58:57,046 [INFO] ============== 选股结果 [少妇战法] ==============
2025-08-04 02:58:57,046 [INFO] 交易日: 2025-08-01
2025-08-04 02:58:57,046 [INFO] 符合条件股票数: 487
2025-08-04 02:58:57,046 [INFO] 000012, 000019, 000026, 000027, 000031, 000036, 000042, 000058, 000060, 000090, 000157, 000400, 000401, 000402, 000415, 000420, 000425, 000498, 000501, 000517, 000521, 000528, 000532, 000552, 000563, 000566, 000567, 000568, 000589, 000596, 000612, 000629, 000631, 000651, 000652, 000672, 000680, 000682, 000688, 000690, 000697, 000708, 000709, 000723, 000726, 000735, 000750, 000751, 000753, 000758, 000761, 000762, 000768, 000777, 000778, 000792, 000795, 000799, 000800, 000825, 000837, 000852, 000868, 000876, 000877, 000878, 000883, 000885, 000886, 000895, 000898, 000900, 000902, 000922, 000923, 000925, 000927, 000930, 000935, 000951, 000959, 000962, 000965, 000969, 001203, 001208, 001213, 001287, 001376, 001872, 001979, 002006, 002009, 002010, 002035, 002037, 002056, 002057, 002060, 002067, 002085, 002096, 002100, 002101, 002111, 002125, 002129, 002132, 002137, 002145, 002153, 002154, 002157, 002163, 002167, 002185, 002191, 002192, 002204, 002229, 002239, 002241, 002243, 002246, 002249, 002252, 002262, 002266, 002283, 002284, 002292, 002302, 002324, 002340, 002342, 002344, 002367, 002385, 002389, 002393, 002399, 002421, 002429, 002444, 002454, 002459, 002460, 002475, 002497, 002498, 002500, 002506, 002511, 002526, 002540, 002545, 002553, 002562, 002612, 002640, 002641, 002662, 002676, 002698, 002709, 002714, 002716, 002761, 002783, 002797, 002831, 002840, 002865, 002896, 002917, 002928, 002939, 002941, 002945, 002961, 002984, 002988, 002990, 002996, 003012, 003013, 003021, 003037, 300019, 300035, 300036, 300055, 300057, 300066, 300070, 300072, 300073, 300080, 300083, 300088, 300119, 300124, 300127, 300140, 300159, 300201, 300222, 300226, 300232, 300278, 300284, 300296, 300320, 300343, 300355, 300376, 300382, 300390, 300401, 300428, 300433, 300470, 300487, 300488, 300523, 300718, 300750, 300769, 300797, 300802, 300911, 300919, 300979, 300999, 301035, 301039, 301090, 301116, 301196, 301215, 301286, 301303, 301327, 301358, 301368, 301381, 301488, 301510, 600004, 600006, 600009, 600017, 600048, 600050, 600057, 600058, 600061, 600071, 600075, 600084, 600094, 600095, 600103, 600108, 600109, 600121, 600138, 600141, 600150, 600151, 600155, 600157, 600162, 600166, 600170, 600176, 600177, 600182, 600195, 600206, 600212, 600231, 600248, 600251, 600268, 600282, 600301, 600313, 600320, 600328, 600335, 600338, 600339, 600361, 600362, 600369, 600376, 600389, 600390, 600395, 600399, 600425, 600428, 600429, 600449, 600456, 600459, 600477, 600482, 600495, 600496, 600497, 600508, 600516, 600517, 600521, 600528, 600549, 600562, 600563, 600569, 600586, 600597, 600618, 600623, 600626, 600635, 600639, 600645, 600649, 600685, 600702, 600720, 600737, 600739, 600740, 600742, 600755, 600760, 600761, 600773, 600796, 600801, 600812, 600817, 600820, 600848, 600859, 600862, 600875, 600909, 600917, 600918, 600929, 600935, 600955, 600961, 600970, 600971, 600973, 600975, 600987, 600997, 601001, 601005, 601011, 601015, 601016, 601018, 601020, 601038, 601059, 601061, 601065, 601068, 601083, 601096, 601099, 601106, 601108, 601116, 601118, 601121, 601126, 601136, 601139, 601158, 601179, 601186, 601200, 601222, 601226, 601228, 601238, 601333, 601375, 601388, 601390, 601399, 601456, 601600, 601608, 601609, 601611, 601618, 601636, 601677, 601678, 601700, 601766, 601778, 601827, 601828, 601868, 601880, 601881, 601882, 601888, 601901, 601966, 601968, 601969, 601989, 601990, 601992, 603013, 603018, 603035, 603050, 603069, 603078, 603082, 603099, 603132, 603153, 603210, 603213, 603219, 603275, 603279, 603298, 603300, 603305, 603308, 603317, 603338, 603348, 603363, 603511, 603535, 603556, 603565, 603611, 603638, 603659, 603690, 603866, 603919, 603969, 603979, 605118, 605368, 605377, 688002, 688005, 688009, 688065, 688117, 688126, 688146, 688248, 688298, 688306, 688320, 688334, 688352, 688356, 688360, 688408, 688425, 688428, 688612, 688626, 688698, 688728, 688750, 688981
2025-08-04 03:02:01,135 [INFO] 
2025-08-04 03:02:01,135 [INFO] ============== 选股结果 [SuperB1战法] ==============
2025-08-04 03:02:01,135 [INFO] 交易日: 2025-08-01
2025-08-04 03:02:01,135 [INFO] 符合条件股票数: 1
2025-08-04 03:02:01,137 [INFO] 603416
2025-08-04 03:02:17,446 [INFO] 
2025-08-04 03:02:17,446 [INFO] ============== 选股结果 [补票战法] ==============
2025-08-04 03:02:17,446 [INFO] 交易日: 2025-08-01
2025-08-04 03:02:17,446 [INFO] 符合条件股票数: 1
2025-08-04 03:02:17,446 [INFO] 688787
2025-08-04 03:02:26,197 [INFO] 
2025-08-04 03:02:26,198 [INFO] ============== 选股结果 [TePu战法] ==============
2025-08-04 03:02:26,198 [INFO] 交易日: 2025-08-01
2025-08-04 03:02:26,198 [INFO] 符合条件股票数: 24
2025-08-04 03:02:26,198 [INFO] 000155, 000401, 002056, 300036, 300222, 300488, 300722, 301039, 600157, 600348, 600376, 600390, 600425, 600563, 600737, 600859, 600971, 601100, 601179, 601766, 601868, 603556, 688425, 688612
2025-08-04 03:02:35,993 [INFO] 
2025-08-04 03:02:35,994 [INFO] ============== 选股结果 [填坑战法] ==============
2025-08-04 03:02:35,994 [INFO] 交易日: 2025-08-01
2025-08-04 03:02:35,994 [INFO] 符合条件股票数: 28
2025-08-04 03:02:35,995 [INFO] 000420, 000528, 000688, 000762, 000969, 002056, 002163, 002460, 002553, 002761, 300159, 300226, 300401, 300470, 300487, 301196, 600058, 600773, 600817, 600862, 601311, 603013, 603166, 603338, 603511, 603977, 605598, 688612
